<?xml version="1.0" encoding="UTF-8"?>
<!-- Generated by org.testng.reporters.JUnitReportReporter -->
<testsuite hostname="ROHITHDHARSHAN" failures="0" tests="1" name="testGITInt.test" time="5.121" errors="0" timestamp="2024-02-20T18:53:01 IST" skipped="0">
  <testcase classname="testGITInt.test" name="test1" time="5.121"/>
  <system-out/>
</testsuite> <!-- testGITInt.test -->
