<?xml version="1.0" encoding="UTF-8"?>
<!-- Generated by org.testng.reporters.JUnitReportReporter -->
<testsuite hostname="ROHITHDHARSHAN" failures="0" tests="1" name="testGITInt.test" time="4.975" errors="0" timestamp="2024-02-21T11:10:03 IST" skipped="0">
  <testcase classname="testGITInt.test" name="test1" time="4.975"/>
  <system-out/>
</testsuite> <!-- testGITInt.test -->
